# JRE version: OpenJDK Runtime Environment (11.0.15) (build 11.0.15+0-b2043.56-9505619)
# Java VM: OpenJDK 64-Bit Server VM (11.0.15+0-b2043.56-9505619, mixed mode, tiered, compressed oops, g1 gc, windows-amd64)
Heap:
 garbage-first heap   total 741376K, used 275456K [0x0000000080000000, 0x0000000100000000)
  region size 1024K, 7 young (7168K), 7 survivors (7168K)
 Metaspace       used 104106K, capacity 106879K, committed 106928K, reserved 1142784K
  class space    used 13507K, capacity 14552K, committed 14592K, reserved 1048576K
GC Heap History (20 events):
Event: 226.303 GC heap after
{Heap after GC invocations=46 (full 0):
 garbage-first heap   total 181248K, used 165621K [0x0000000080000000, 0x0000000100000000)
  region size 1024K, 1 young (1024K), 1 survivors (1024K)
 Metaspace       used 100910K, capacity 103521K, committed 103856K, reserved 1138688K
  class space    used 12956K, capacity 13969K, committed 14080K, reserved 1048576K
}
Event: 226.898 GC heap before
{Heap before GC invocations=47 (full 0):
 garbage-first heap   total 181248K, used 171765K [0x0000000080000000, 0x0000000100000000)
  region size 1024K, 8 young (8192K), 1 survivors (1024K)
 Metaspace       used 101344K, capacity 104012K, committed 104112K, reserved 1138688K
  class space    used 13025K, capacity 14048K, committed 14080K, reserved 1048576K
}
Event: 226.913 GC heap after
{Heap after GC invocations=48 (full 0):
 garbage-first heap   total 181248K, used 168483K [0x0000000080000000, 0x0000000100000000)
  region size 1024K, 1 young (1024K), 1 survivors (1024K)
 Metaspace       used 101344K, capacity 104012K, committed 104112K, reserved 1138688K
  class space    used 13025K, capacity 14048K, committed 14080K, reserved 1048576K
}
Event: 227.408 GC heap before
{Heap before GC invocations=48 (full 0):
 garbage-first heap   total 181248K, used 174627K [0x0000000080000000, 0x0000000100000000)
  region size 1024K, 8 young (8192K), 1 survivors (1024K)
 Metaspace       used 101407K, capacity 104142K, committed 104368K, reserved 1140736K
  class space    used 13025K, capacity 14048K, committed 14080K, reserved 1048576K
}
Event: 227.431 GC heap after
{Heap after GC invocations=49 (full 0):
 garbage-first heap   total 219136K, used 168634K [0x0000000080000000, 0x0000000100000000)
  region size 1024K, 1 young (1024K), 1 survivors (1024K)
 Metaspace       used 101407K, capacity 104142K, committed 104368K, reserved 1140736K
  class space    used 13025K, capacity 14048K, committed 14080K, reserved 1048576K
}
Event: 227.833 GC heap before
{Heap before GC invocations=49 (full 0):
 garbage-first heap   total 219136K, used 180922K [0x0000000080000000, 0x0000000100000000)
  region size 1024K, 13 young (13312K), 1 survivors (1024K)
 Metaspace       used 101425K, capacity 104143K, committed 104368K, reserved 1140736K
  class space    used 13025K, capacity 14048K, committed 14080K, reserved 1048576K
}
Event: 227.862 GC heap after
{Heap after GC invocations=50 (full 0):
 garbage-first heap   total 219136K, used 174360K [0x0000000080000000, 0x0000000100000000)
  region size 1024K, 2 young (2048K), 2 survivors (2048K)
 Metaspace       used 101425K, capacity 104143K, committed 104368K, reserved 1140736K
  class space    used 13025K, capacity 14048K, committed 14080K, reserved 1048576K
}
Event: 228.242 GC heap before
{Heap before GC invocations=50 (full 0):
 garbage-first heap   total 219136K, used 182552K [0x0000000080000000, 0x0000000100000000)
  region size 1024K, 11 young (11264K), 2 survivors (2048K)
 Metaspace       used 101430K, capacity 104144K, committed 104368K, reserved 1140736K
  class space    used 13025K, capacity 14048K, committed 14080K, reserved 1048576K
}
Event: 228.275 GC heap after
{Heap after GC invocations=51 (full 0):
 garbage-first heap   total 219136K, used 178566K [0x0000000080000000, 0x0000000100000000)
  region size 1024K, 2 young (2048K), 2 survivors (2048K)
 Metaspace       used 101430K, capacity 104144K, committed 104368K, reserved 1140736K
  class space    used 13025K, capacity 14048K, committed 14080K, reserved 1048576K
}
Event: 228.866 GC heap before
{Heap before GC invocations=52 (full 0):
 garbage-first heap   total 219136K, used 186758K [0x0000000080000000, 0x0000000100000000)
  region size 1024K, 10 young (10240K), 2 survivors (2048K)
 Metaspace       used 101472K, capacity 104144K, committed 104368K, reserved 1140736K
  class space    used 13027K, capacity 14048K, committed 14080K, reserved 1048576K
}
Event: 228.907 GC heap after
{Heap after GC invocations=53 (full 0):
 garbage-first heap   total 219136K, used 183190K [0x0000000080000000, 0x0000000100000000)
  region size 1024K, 2 young (2048K), 2 survivors (2048K)
 Metaspace       used 101472K, capacity 104144K, committed 104368K, reserved 1140736K
  class space    used 13027K, capacity 14048K, committed 14080K, reserved 1048576K
}
Event: 228.955 GC heap before
{Heap before GC invocations=53 (full 0):
 garbage-first heap   total 219136K, used 186262K [0x0000000080000000, 0x0000000100000000)
  region size 1024K, 6 young (6144K), 2 survivors (2048K)
 Metaspace       used 101499K, capacity 104144K, committed 104368K, reserved 1140736K
  class space    used 13029K, capacity 14048K, committed 14080K, reserved 1048576K
}
Event: 228.993 GC heap after
{Heap after GC invocations=54 (full 0):
 garbage-first heap   total 401408K, used 184782K [0x0000000080000000, 0x0000000100000000)
  region size 1024K, 2 young (2048K), 2 survivors (2048K)
 Metaspace       used 101499K, capacity 104144K, committed 104368K, reserved 1140736K
  class space    used 13029K, capacity 14048K, committed 14080K, reserved 1048576K
}
Event: 231.391 GC heap before
{Heap before GC invocations=55 (full 0):
 garbage-first heap   total 401408K, used 241102K [0x0000000080000000, 0x0000000100000000)
  region size 1024K, 55 young (56320K), 2 survivors (2048K)
 Metaspace       used 101851K, capacity 104545K, committed 104752K, reserved 1140736K
  class space    used 13068K, capacity 14095K, committed 14208K, reserved 1048576K
}
Event: 231.525 GC heap after
{Heap after GC invocations=56 (full 0):
 garbage-first heap   total 401408K, used 204483K [0x0000000080000000, 0x0000000100000000)
  region size 1024K, 7 young (7168K), 7 survivors (7168K)
 Metaspace       used 101851K, capacity 104545K, committed 104752K, reserved 1140736K
  class space    used 13068K, capacity 14095K, committed 14208K, reserved 1048576K
}
Event: 236.395 GC heap before
{Heap before GC invocations=56 (full 0):
 garbage-first heap   total 401408K, used 255683K [0x0000000080000000, 0x0000000100000000)
  region size 1024K, 57 young (58368K), 7 survivors (7168K)
 Metaspace       used 104079K, capacity 106814K, committed 106928K, reserved 1142784K
  class space    used 13507K, capacity 14552K, committed 14592K, reserved 1048576K
}
Event: 236.490 GC heap after
{Heap after GC invocations=57 (full 0):
 garbage-first heap   total 401408K, used 227731K [0x0000000080000000, 0x0000000100000000)
  region size 1024K, 8 young (8192K), 8 survivors (8192K)
 Metaspace       used 104079K, capacity 106814K, committed 106928K, reserved 1142784K
  class space    used 13507K, capacity 14552K, committed 14592K, reserved 1048576K
}
Event: 240.396 GC heap before
{Heap before GC invocations=57 (full 0):
 garbage-first heap   total 401408K, used 278931K [0x0000000080000000, 0x0000000100000000)
  region size 1024K, 58 young (59392K), 8 survivors (8192K)
 Metaspace       used 104100K, capacity 106879K, committed 106928K, reserved 1142784K
  class space    used 13507K, capacity 14552K, committed 14592K, reserved 1048576K
}
Event: 240.512 GC heap after
{Heap after GC invocations=58 (full 0):
 garbage-first heap   total 401408K, used 253440K [0x0000000080000000, 0x0000000100000000)
  region size 1024K, 8 young (8192K), 8 survivors (8192K)
 Metaspace       used 104100K, capacity 106879K, committed 106928K, reserved 1142784K
  class space    used 13507K, capacity 14552K, committed 14592K, reserved 1048576K
}
Event: 244.262 GC heap before
{Heap before GC invocations=58 (full 0):
 garbage-first heap   total 401408K, used 296448K [0x0000000080000000, 0x0000000100000000)
  region size 1024K, 50 young (51200K), 8 survivors (8192K)
 Metaspace       used 104106K, capacity 106879K, committed 106928K, reserved 1142784K
  class space    used 13507K, capacity 14552K, committed 14592K, reserved 1048576K
}

